Flow report for BSAS
Fri Apr 28 13:27:17 2023
Quartus Prime Version 18.1.0 Build 625 09/12/2018 SJ Lite Edition


---------------------
; Table of Contents ;
---------------------
  1. Legal Notice
  2. Flow Summary
  3. Flow Settings
  4. Flow Non-Default Global Settings
  5. Flow Elapsed Time
  6. Flow OS Summary
  7. Flow Log
  8. Flow Messages
  9. Flow Suppressed Messages



----------------
; Legal Notice ;
----------------
Copyright (C) 2018  Intel Corporation. All rights reserved.
Your use of Intel Corporation's design tools, logic functions 
and other software and tools, and its AMPP partner logic 
functions, and any output files from any of the foregoing 
(including device programming or simulation files), and any 
associated documentation or information are expressly subject 
to the terms and conditions of the Intel Program License 
Subscription Agreement, the Intel Quartus Prime License Agreement,
the Intel FPGA IP License Agreement, or other applicable license
agreement, including, without limitation, that your use is for
the sole purpose of programming logic devices manufactured by
Intel and sold by Intel or its authorized distributors.  Please
refer to the applicable agreement for further details.



+----------------------------------------------------------------------------------+
; Flow Summary                                                                     ;
+------------------------------------+---------------------------------------------+
; Flow Status                        ; Successful - Fri Apr 28 13:27:17 2023       ;
; Quartus Prime Version              ; 18.1.0 Build 625 09/12/2018 SJ Lite Edition ;
; Revision Name                      ; BSAS                                        ;
; Top-level Entity Name              ; SerialAdder                                 ;
; Family                             ; Cyclone IV E                                ;
; Device                             ; EP4CE22F17C6                                ;
; Timing Models                      ; Final                                       ;
; Total logic elements               ; 5 / 22,320 ( < 1 % )                        ;
;     Total combinational functions  ; 5 / 22,320 ( < 1 % )                        ;
;     Dedicated logic registers      ; 1 / 22,320 ( < 1 % )                        ;
; Total registers                    ; 1                                           ;
; Total pins                         ; 6 / 154 ( 4 % )                             ;
; Total virtual pins                 ; 0                                           ;
; Total memory bits                  ; 0 / 608,256 ( 0 % )                         ;
; Embedded Multiplier 9-bit elements ; 0 / 132 ( 0 % )                             ;
; Total PLLs                         ; 0 / 4 ( 0 % )                               ;
+------------------------------------+---------------------------------------------+


+-----------------------------------------+
; Flow Settings                           ;
+-------------------+---------------------+
; Option            ; Setting             ;
+-------------------+---------------------+
; Start date & time ; 04/28/2023 13:24:07 ;
; Main task         ; Compilation         ;
; Revision Name     ; BSAS                ;
+-------------------+---------------------+


+------------------------------------------------------------------------------------------------------------------------------+
; Flow Non-Default Global Settings                                                                                             ;
+--------------------------------------+----------------------------------------+---------------+-------------+----------------+
; Assignment Name                      ; Value                                  ; Default Value ; Entity Name ; Section Id     ;
+--------------------------------------+----------------------------------------+---------------+-------------+----------------+
; COMPILER_SIGNATURE_ID                ; 277302806828453.168270264608796        ; --            ; --          ; --             ;
; EDA_DESIGN_INSTANCE_NAME             ; NA                                     ; --            ; --          ; test           ;
; EDA_NATIVELINK_SIMULATION_TEST_BENCH ; test                                   ; --            ; --          ; eda_simulation ;
; EDA_OUTPUT_DATA_FORMAT               ; Verilog Hdl                            ; --            ; --          ; eda_simulation ;
; EDA_RUN_TOOL_AUTOMATICALLY           ; Off                                    ; --            ; --          ; eda_simulation ;
; EDA_SIMULATION_TOOL                  ; ModelSim-Altera (Verilog)              ; <None>        ; --          ; --             ;
; EDA_TEST_BENCH_ENABLE_STATUS         ; TEST_BENCH_MODE                        ; --            ; --          ; eda_simulation ;
; EDA_TEST_BENCH_FILE                  ; BSAS5B_test.v                          ; --            ; --          ; test           ;
; EDA_TEST_BENCH_MODULE_NAME           ; test                                   ; --            ; --          ; test           ;
; EDA_TEST_BENCH_NAME                  ; test                                   ; --            ; --          ; eda_simulation ;
; EDA_TIME_SCALE                       ; 1 ps                                   ; --            ; --          ; eda_simulation ;
; MAX_CORE_JUNCTION_TEMP               ; 85                                     ; --            ; --          ; --             ;
; MIN_CORE_JUNCTION_TEMP               ; 0                                      ; --            ; --          ; --             ;
; NOMINAL_CORE_SUPPLY_VOLTAGE          ; 1.2V                                   ; --            ; --          ; --             ;
; PARTITION_COLOR                      ; -- (Not supported for targeted family) ; --            ; SerialAdder ; Top            ;
; PARTITION_FITTER_PRESERVATION_LEVEL  ; -- (Not supported for targeted family) ; --            ; SerialAdder ; Top            ;
; PARTITION_NETLIST_TYPE               ; -- (Not supported for targeted family) ; --            ; SerialAdder ; Top            ;
; POWER_BOARD_THERMAL_MODEL            ; None (CONSERVATIVE)                    ; --            ; --          ; --             ;
; POWER_PRESET_COOLING_SOLUTION        ; 23 MM HEAT SINK WITH 200 LFPM AIRFLOW  ; --            ; --          ; --             ;
; PROJECT_OUTPUT_DIRECTORY             ; output_files                           ; --            ; --          ; --             ;
; TOP_LEVEL_ENTITY                     ; SerialAdder                            ; BSAS          ; --          ; --             ;
+--------------------------------------+----------------------------------------+---------------+-------------+----------------+


+--------------------------------------------------------------------------------------------------------------------------+
; Flow Elapsed Time                                                                                                        ;
+----------------------+--------------+-------------------------+---------------------+------------------------------------+
; Module Name          ; Elapsed Time ; Average Processors Used ; Peak Virtual Memory ; Total CPU Time (on all processors) ;
+----------------------+--------------+-------------------------+---------------------+------------------------------------+
; Analysis & Synthesis ; 00:00:09     ; 1.0                     ; 4832 MB             ; 00:00:18                           ;
; Fitter               ; 00:00:04     ; 1.0                     ; 6486 MB             ; 00:00:06                           ;
; Assembler            ; 00:00:01     ; 1.0                     ; 4670 MB             ; 00:00:01                           ;
; Timing Analyzer      ; 00:00:03     ; 1.0                     ; 4888 MB             ; 00:00:02                           ;
; EDA Netlist Writer   ; 00:00:01     ; 1.0                     ; 4634 MB             ; 00:00:01                           ;
; EDA Netlist Writer   ; 00:00:01     ; 1.0                     ; 4621 MB             ; 00:00:01                           ;
; EDA Netlist Writer   ; 00:00:01     ; 1.0                     ; 4634 MB             ; 00:00:01                           ;
; EDA Netlist Writer   ; 00:00:01     ; 1.0                     ; 4621 MB             ; 00:00:01                           ;
; EDA Netlist Writer   ; 00:00:01     ; 1.0                     ; 4634 MB             ; 00:00:01                           ;
; EDA Netlist Writer   ; 00:00:01     ; 1.0                     ; 4621 MB             ; 00:00:01                           ;
; EDA Netlist Writer   ; 00:00:01     ; 1.0                     ; 4634 MB             ; 00:00:01                           ;
; EDA Netlist Writer   ; 00:00:01     ; 1.0                     ; 4621 MB             ; 00:00:01                           ;
; EDA Netlist Writer   ; 00:00:01     ; 1.0                     ; 4634 MB             ; 00:00:01                           ;
; Total                ; 00:00:26     ; --                      ; --                  ; 00:00:36                           ;
+----------------------+--------------+-------------------------+---------------------+------------------------------------+


+------------------------------------------------------------------------------------+
; Flow OS Summary                                                                    ;
+----------------------+------------------+------------+------------+----------------+
; Module Name          ; Machine Hostname ; OS Name    ; OS Version ; Processor type ;
+----------------------+------------------+------------+------------+----------------+
; Analysis & Synthesis ; DESKTOP-9G9M995  ; Windows 10 ; 10.0       ; x86_64         ;
; Fitter               ; DESKTOP-9G9M995  ; Windows 10 ; 10.0       ; x86_64         ;
; Assembler            ; DESKTOP-9G9M995  ; Windows 10 ; 10.0       ; x86_64         ;
; Timing Analyzer      ; DESKTOP-9G9M995  ; Windows 10 ; 10.0       ; x86_64         ;
; EDA Netlist Writer   ; DESKTOP-9G9M995  ; Windows 10 ; 10.0       ; x86_64         ;
; EDA Netlist Writer   ; DESKTOP-9G9M995  ; Windows 10 ; 10.0       ; x86_64         ;
; EDA Netlist Writer   ; DESKTOP-9G9M995  ; Windows 10 ; 10.0       ; x86_64         ;
; EDA Netlist Writer   ; DESKTOP-9G9M995  ; Windows 10 ; 10.0       ; x86_64         ;
; EDA Netlist Writer   ; DESKTOP-9G9M995  ; Windows 10 ; 10.0       ; x86_64         ;
; EDA Netlist Writer   ; DESKTOP-9G9M995  ; Windows 10 ; 10.0       ; x86_64         ;
; EDA Netlist Writer   ; DESKTOP-9G9M995  ; Windows 10 ; 10.0       ; x86_64         ;
; EDA Netlist Writer   ; DESKTOP-9G9M995  ; Windows 10 ; 10.0       ; x86_64         ;
; EDA Netlist Writer   ; DESKTOP-9G9M995  ; Windows 10 ; 10.0       ; x86_64         ;
+----------------------+------------------+------------+------------+----------------+


------------
; Flow Log ;
------------
quartus_map --read_settings_files=on --write_settings_files=off BSAS -c BSAS
quartus_fit --read_settings_files=off --write_settings_files=off BSAS -c BSAS
quartus_asm --read_settings_files=off --write_settings_files=off BSAS -c BSAS
quartus_sta BSAS -c BSAS
quartus_eda --read_settings_files=off --write_settings_files=off BSAS -c BSAS
quartus_eda --gen_testbench --tool=modelsim_oem --format=verilog --write_settings_files=off BSAS -c BSAS --vector_source=C:/Users/Gautham/Desktop/EEE120/Labs/BSAS5B_student-25Jul2022_restored/Waveform3.vwf --testbench_file=C:/Users/Gautham/Desktop/EEE120/Labs/BSAS5B_student-25Jul2022_restored/simulation/qsim/Waveform3.vwf.vt
quartus_eda --write_settings_files=off --simulation=on --functional=off --flatten_buses=off --timescale=1ps --tool=modelsim_oem --format=verilog --output_directory=C:/Users/Gautham/Desktop/EEE120/Labs/BSAS5B_student-25Jul2022_restored/simulation/qsim/ BSAS -c BSAS
quartus_eda --gen_testbench --tool=modelsim_oem --format=verilog --write_settings_files=off BSAS -c BSAS --vector_source=C:/Users/Gautham/Desktop/EEE120/Labs/BSAS5B_student-25Jul2022_restored/Waveform3.vwf --testbench_file=C:/Users/Gautham/Desktop/EEE120/Labs/BSAS5B_student-25Jul2022_restored/simulation/qsim/Waveform3.vwf.vt
quartus_eda --write_settings_files=off --simulation=on --functional=off --flatten_buses=off --timescale=1ps --tool=modelsim_oem --format=verilog --output_directory=C:/Users/Gautham/Desktop/EEE120/Labs/BSAS5B_student-25Jul2022_restored/simulation/qsim/ BSAS -c BSAS
quartus_eda --gen_testbench --tool=modelsim_oem --format=verilog --write_settings_files=off BSAS -c BSAS --vector_source=C:/Users/Gautham/Desktop/EEE120/Labs/BSAS5B_student-25Jul2022_restored/Waveform3.vwf --testbench_file=C:/Users/Gautham/Desktop/EEE120/Labs/BSAS5B_student-25Jul2022_restored/simulation/qsim/Waveform3.vwf.vt
quartus_eda --write_settings_files=off --simulation=on --functional=off --flatten_buses=off --timescale=1ps --tool=modelsim_oem --format=verilog --output_directory=C:/Users/Gautham/Desktop/EEE120/Labs/BSAS5B_student-25Jul2022_restored/simulation/qsim/ BSAS -c BSAS
quartus_eda --gen_testbench --tool=modelsim_oem --format=verilog --write_settings_files=off BSAS -c BSAS --vector_source=C:/Users/Gautham/Desktop/EEE120/Labs/BSAS5B_student-25Jul2022_restored/Waveform3.vwf --testbench_file=C:/Users/Gautham/Desktop/EEE120/Labs/BSAS5B_student-25Jul2022_restored/simulation/qsim/Waveform3.vwf.vt
quartus_eda --write_settings_files=off --simulation=on --functional=off --flatten_buses=off --timescale=1ps --tool=modelsim_oem --format=verilog --output_directory=C:/Users/Gautham/Desktop/EEE120/Labs/BSAS5B_student-25Jul2022_restored/simulation/qsim/ BSAS -c BSAS



